// 重构日志: 53f13556
// 重构日志: d268711f
// 重构日志: e6d5b727
// 重构日志: a4dec002
// 同步 ID: eda45064 @ Wed Jul  1 11:41:32 UTC 2026
// 同步 ID: 813fcb2c @ Thu Jul  2 12:13:49 UTC 2026
// 同步 ID: 4ad1e949 @ Thu Jul  2 13:44:43 UTC 2026
// 重构日志: fdc36ba6
// 同步 ID: 4f41ea16 @ Fri Jul  3 08:09:11 UTC 2026
// 重构日志: 773a36e4
// 同步 ID: 4568c244 @ Sat Jul  4 12:26:17 UTC 2026
// 同步 ID: 8ace6681 @ Sun Jul  5 02:18:05 UTC 2026
// 重构日志: d1b29af0
// 重构日志: 3cea9267
// 重构日志: c3702b2a
// 同步 ID: cc6c8207 @ Mon Jul  6 10:09:46 UTC 2026
// 同步 ID: ca7731ea @ Mon Jul  6 13:32:23 UTC 2026
// 重构日志: a91df717
// 同步 ID: de6dc8cf @ Tue Jul  7 16:50:48 UTC 2026
// 重构日志: 5e2e9896
// 重构日志: 4b3bcdbc
// 同步 ID: 79c6398e @ Thu Jul  9 14:19:55 UTC 2026
// 同步 ID: 19952a53 @ Fri Jul 10 01:47:31 UTC 2026
// 同步 ID: 8bede98a @ Fri Jul 10 16:18:49 UTC 2026
// 重构日志: 1f5ff043
// 重构日志: e7d85218
// 同步 ID: e5554dde @ Sat Jul 11 13:09:30 UTC 2026
// 同步 ID: 7889de4c @ Sun Jul 12 04:58:14 UTC 2026
// 重构日志: 8a413eec
// 同步 ID: 68b7ce8b @ Mon Jul 13 08:36:24 UTC 2026
// 重构日志: 5e542bc1
